<?xml version="1.0" encoding="UTF-8"?>
<coverage generated="1769871518915" clover="3.2.0">
  <project timestamp="1769871518915" name="All files">
    <metrics statements="253" coveredstatements="248" conditionals="263" coveredconditionals="234" methods="31" coveredmethods="31" elements="547" coveredelements="513" complexity="0" loc="253" ncloc="253" packages="3" files="5" classes="5"/>
    <package name="js">
      <metrics statements="12" coveredstatements="12" conditionals="0" coveredconditionals="0" methods="2" coveredmethods="2"/>
      <file name="state.js" path="/home/bret/workspace/teleprompter/src/js/state.js">
        <metrics statements="12" coveredstatements="12" conditionals="0" coveredconditionals="0" methods="2" coveredmethods="2"/>
        <line num="5" count="5" type="stmt"/>
        <line num="9" count="5" type="stmt"/>
        <line num="12" count="5" type="stmt"/>
        <line num="13" count="5" type="stmt"/>
        <line num="16" count="5" type="stmt"/>
        <line num="19" count="5" type="stmt"/>
        <line num="22" count="5" type="stmt"/>
        <line num="23" count="206" type="stmt"/>
        <line num="24" count="206" type="stmt"/>
        <line num="25" count="206" type="stmt"/>
        <line num="26" count="206" type="stmt"/>
        <line num="27" count="206" type="stmt"/>
      </file>
    </package>
    <package name="js.config">
      <metrics statements="9" coveredstatements="9" conditionals="0" coveredconditionals="0" methods="2" coveredmethods="2"/>
      <file name="constants.js" path="/home/bret/workspace/teleprompter/src/js/config/constants.js">
        <metrics statements="7" coveredstatements="7" conditionals="0" coveredconditionals="0" methods="1" coveredmethods="1"/>
        <line num="5" count="5" type="stmt"/>
        <line num="9" count="5" type="stmt"/>
        <line num="24" count="5" type="stmt"/>
        <line num="41" count="5" type="stmt"/>
        <line num="42" count="5" type="stmt"/>
        <line num="43" count="5" type="stmt"/>
        <line num="46" count="5" type="stmt"/>
      </file>
      <file name="scenarios.js" path="/home/bret/workspace/teleprompter/src/js/config/scenarios.js">
        <metrics statements="2" coveredstatements="2" conditionals="0" coveredconditionals="0" methods="1" coveredmethods="1"/>
        <line num="5" count="5" type="stmt"/>
        <line num="8" count="5" type="stmt"/>
      </file>
    </package>
    <package name="js.core">
      <metrics statements="232" coveredstatements="227" conditionals="263" coveredconditionals="234" methods="27" coveredmethods="27"/>
      <file name="promptGenerator.js" path="/home/bret/workspace/teleprompter/src/js/core/promptGenerator.js">
        <metrics statements="198" coveredstatements="193" conditionals="219" coveredconditionals="195" methods="22" coveredmethods="22"/>
        <line num="6" count="5" type="stmt"/>
        <line num="15" count="5" type="stmt"/>
        <line num="16" count="15" type="cond" truecount="4" falsecount="0"/>
        <line num="17" count="10" type="stmt"/>
        <line num="20" count="5" type="cond" truecount="2" falsecount="0"/>
        <line num="21" count="1" type="cond" truecount="1" falsecount="1"/>
        <line num="24" count="4" type="cond" truecount="2" falsecount="0"/>
        <line num="33" count="5" type="stmt"/>
        <line num="34" count="14" type="cond" truecount="4" falsecount="0"/>
        <line num="35" count="11" type="stmt"/>
        <line num="38" count="3" type="cond" truecount="2" falsecount="0"/>
        <line num="39" count="1" type="cond" truecount="1" falsecount="1"/>
        <line num="42" count="2" type="cond" truecount="1" falsecount="1"/>
        <line num="50" count="5" type="stmt"/>
        <line num="51" count="16" type="stmt"/>
        <line num="52" count="16" type="stmt"/>
        <line num="53" count="16" type="cond" truecount="2" falsecount="0"/>
        <line num="55" count="16" type="cond" truecount="5" falsecount="0"/>
        <line num="56" count="11" type="stmt"/>
        <line num="59" count="5" type="stmt"/>
        <line num="61" count="5" type="cond" truecount="4" falsecount="0"/>
        <line num="62" count="3" type="stmt"/>
        <line num="65" count="5" type="cond" truecount="2" falsecount="0"/>
        <line num="66" count="3" type="stmt"/>
        <line num="69" count="5" type="cond" truecount="2" falsecount="0"/>
        <line num="70" count="2" type="stmt"/>
        <line num="73" count="5" type="stmt"/>
        <line num="81" count="5" type="stmt"/>
        <line num="82" count="15" type="cond" truecount="6" falsecount="0"/>
        <line num="83" count="11" type="stmt"/>
        <line num="86" count="4" type="stmt"/>
        <line num="88" count="4" type="cond" truecount="2" falsecount="0"/>
        <line num="89" count="1" type="stmt"/>
        <line num="91" count="4" type="cond" truecount="2" falsecount="0"/>
        <line num="92" count="1" type="stmt"/>
        <line num="94" count="4" type="cond" truecount="2" falsecount="0"/>
        <line num="95" count="1" type="stmt"/>
        <line num="97" count="4" type="cond" truecount="2" falsecount="0"/>
        <line num="98" count="1" type="stmt"/>
        <line num="101" count="4" type="stmt"/>
        <line num="110" count="5" type="stmt"/>
        <line num="111" count="6" type="cond" truecount="4" falsecount="0"/>
        <line num="112" count="2" type="stmt"/>
        <line num="115" count="4" type="stmt"/>
        <line num="117" count="4" type="stmt"/>
        <line num="118" count="9" type="cond" truecount="3" falsecount="1"/>
        <line num="119" count="9" type="stmt"/>
        <line num="123" count="4" type="cond" truecount="2" falsecount="0"/>
        <line num="124" count="2" type="stmt"/>
        <line num="127" count="4" type="stmt"/>
        <line num="135" count="5" type="stmt"/>
        <line num="136" count="5" type="cond" truecount="4" falsecount="0"/>
        <line num="137" count="1" type="stmt"/>
        <line num="140" count="4" type="stmt"/>
        <line num="141" count="5" type="cond" truecount="4" falsecount="0"/>
        <line num="144" count="4" type="cond" truecount="2" falsecount="0"/>
        <line num="145" count="1" type="stmt"/>
        <line num="148" count="3" type="stmt"/>
        <line num="150" count="3" type="stmt"/>
        <line num="151" count="4" type="cond" truecount="3" falsecount="3"/>
        <line num="152" count="4" type="stmt"/>
        <line num="153" count="4" type="cond" truecount="1" falsecount="1"/>
        <line num="154" count="4" type="cond" truecount="1" falsecount="1"/>
        <line num="155" count="4" type="cond" truecount="2" falsecount="0"/>
        <line num="156" count="1" type="stmt"/>
        <line num="161" count="3" type="stmt"/>
        <line num="162" count="3" type="stmt"/>
        <line num="170" count="5" type="stmt"/>
        <line num="171" count="15" type="cond" truecount="2" falsecount="0"/>
        <line num="172" count="15" type="cond" truecount="2" falsecount="0"/>
        <line num="173" count="15" type="stmt"/>
        <line num="174" count="15" type="stmt"/>
        <line num="175" count="15" type="cond" truecount="2" falsecount="0"/>
        <line num="177" count="15" type="cond" truecount="6" falsecount="0"/>
        <line num="178" count="11" type="stmt"/>
        <line num="181" count="4" type="stmt"/>
        <line num="183" count="4" type="cond" truecount="2" falsecount="0"/>
        <line num="184" count="1" type="stmt"/>
        <line num="186" count="4" type="cond" truecount="2" falsecount="0"/>
        <line num="187" count="1" type="stmt"/>
        <line num="189" count="4" type="cond" truecount="2" falsecount="0"/>
        <line num="190" count="1" type="stmt"/>
        <line num="191" count="1" type="cond" truecount="1" falsecount="1"/>
        <line num="192" count="1" type="stmt"/>
        <line num="195" count="4" type="cond" truecount="2" falsecount="0"/>
        <line num="196" count="1" type="stmt"/>
        <line num="199" count="4" type="stmt"/>
        <line num="207" count="5" type="stmt"/>
        <line num="208" count="14" type="cond" truecount="7" falsecount="0"/>
        <line num="210" count="11" type="stmt"/>
        <line num="213" count="3" type="stmt"/>
        <line num="215" count="3" type="cond" truecount="2" falsecount="0"/>
        <line num="216" count="1" type="stmt"/>
        <line num="218" count="3" type="cond" truecount="2" falsecount="0"/>
        <line num="219" count="1" type="stmt"/>
        <line num="221" count="3" type="cond" truecount="1" falsecount="1"/>
        <line num="222" count="0" type="stmt"/>
        <line num="224" count="3" type="cond" truecount="2" falsecount="0"/>
        <line num="225" count="1" type="stmt"/>
        <line num="227" count="3" type="cond" truecount="1" falsecount="1"/>
        <line num="228" count="0" type="stmt"/>
        <line num="231" count="3" type="stmt"/>
        <line num="239" count="5" type="stmt"/>
        <line num="240" count="15" type="stmt"/>
        <line num="241" count="15" type="stmt"/>
        <line num="242" count="15" type="cond" truecount="2" falsecount="0"/>
        <line num="243" count="15" type="stmt"/>
        <line num="245" count="15" type="cond" truecount="6" falsecount="0"/>
        <line num="246" count="11" type="stmt"/>
        <line num="249" count="4" type="stmt"/>
        <line num="251" count="4" type="cond" truecount="2" falsecount="0"/>
        <line num="252" count="1" type="stmt"/>
        <line num="254" count="4" type="cond" truecount="2" falsecount="0"/>
        <line num="255" count="1" type="stmt"/>
        <line num="257" count="4" type="cond" truecount="2" falsecount="0"/>
        <line num="258" count="1" type="stmt"/>
        <line num="260" count="4" type="cond" truecount="2" falsecount="0"/>
        <line num="261" count="1" type="stmt"/>
        <line num="264" count="4" type="stmt"/>
        <line num="272" count="5" type="stmt"/>
        <line num="273" count="13" type="cond" truecount="4" falsecount="0"/>
        <line num="274" count="11" type="stmt"/>
        <line num="277" count="2" type="stmt"/>
        <line num="278" count="2" type="cond" truecount="2" falsecount="0"/>
        <line num="281" count="2" type="cond" truecount="2" falsecount="0"/>
        <line num="282" count="1" type="stmt"/>
        <line num="285" count="1" type="stmt"/>
        <line num="287" count="1" type="stmt"/>
        <line num="288" count="2" type="cond" truecount="3" falsecount="1"/>
        <line num="289" count="2" type="cond" truecount="2" falsecount="0"/>
        <line num="290" count="2" type="stmt"/>
        <line num="294" count="1" type="stmt"/>
        <line num="302" count="5" type="stmt"/>
        <line num="303" count="13" type="cond" truecount="7" falsecount="0"/>
        <line num="305" count="11" type="stmt"/>
        <line num="308" count="2" type="stmt"/>
        <line num="310" count="2" type="cond" truecount="2" falsecount="0"/>
        <line num="311" count="1" type="stmt"/>
        <line num="313" count="2" type="cond" truecount="2" falsecount="0"/>
        <line num="314" count="1" type="stmt"/>
        <line num="316" count="2" type="cond" truecount="1" falsecount="1"/>
        <line num="317" count="0" type="stmt"/>
        <line num="319" count="2" type="cond" truecount="1" falsecount="1"/>
        <line num="320" count="0" type="stmt"/>
        <line num="322" count="2" type="cond" truecount="1" falsecount="1"/>
        <line num="323" count="0" type="stmt"/>
        <line num="326" count="2" type="stmt"/>
        <line num="335" count="5" type="stmt"/>
        <line num="336" count="14" type="stmt"/>
        <line num="338" count="14" type="cond" truecount="2" falsecount="0"/>
        <line num="339" count="4" type="stmt"/>
        <line num="342" count="14" type="cond" truecount="2" falsecount="0"/>
        <line num="343" count="4" type="stmt"/>
        <line num="346" count="14" type="stmt"/>
        <line num="354" count="5" type="stmt"/>
        <line num="355" count="10" type="stmt"/>
        <line num="358" count="10" type="stmt"/>
        <line num="359" count="10" type="cond" truecount="2" falsecount="0"/>
        <line num="362" count="10" type="stmt"/>
        <line num="363" count="10" type="cond" truecount="2" falsecount="0"/>
        <line num="366" count="10" type="stmt"/>
        <line num="371" count="10" type="cond" truecount="2" falsecount="0"/>
        <line num="374" count="10" type="stmt"/>
        <line num="380" count="10" type="cond" truecount="1" falsecount="1"/>
        <line num="383" count="10" type="cond" truecount="4" falsecount="0"/>
        <line num="384" count="1" type="stmt"/>
        <line num="388" count="10" type="cond" truecount="4" falsecount="0"/>
        <line num="389" count="2" type="stmt"/>
        <line num="393" count="10" type="cond" truecount="4" falsecount="0"/>
        <line num="394" count="9" type="stmt"/>
        <line num="398" count="10" type="cond" truecount="2" falsecount="0"/>
        <line num="399" count="1" type="stmt"/>
        <line num="400" count="1" type="cond" truecount="1" falsecount="1"/>
        <line num="401" count="9" type="cond" truecount="2" falsecount="0"/>
        <line num="402" count="1" type="stmt"/>
        <line num="403" count="1" type="cond" truecount="1" falsecount="1"/>
        <line num="407" count="10" type="stmt"/>
        <line num="414" count="10" type="cond" truecount="1" falsecount="1"/>
        <line num="417" count="10" type="stmt"/>
        <line num="424" count="10" type="cond" truecount="1" falsecount="1"/>
        <line num="427" count="10" type="stmt"/>
        <line num="433" count="10" type="cond" truecount="1" falsecount="1"/>
        <line num="436" count="10" type="cond" truecount="4" falsecount="0"/>
        <line num="437" count="2" type="stmt"/>
        <line num="441" count="10" type="stmt"/>
        <line num="442" count="10" type="stmt"/>
        <line num="443" count="4" type="stmt"/>
        <line num="447" count="10" type="stmt"/>
        <line num="448" count="10" type="cond" truecount="1" falsecount="1"/>
        <line num="451" count="10" type="cond" truecount="4" falsecount="0"/>
        <line num="452" count="1" type="stmt"/>
        <line num="456" count="10" type="stmt"/>
        <line num="463" count="10" type="cond" truecount="1" falsecount="1"/>
        <line num="465" count="10" type="stmt"/>
        <line num="473" count="5" type="stmt"/>
        <line num="474" count="7" type="cond" truecount="2" falsecount="0"/>
        <line num="482" count="5" type="stmt"/>
        <line num="483" count="3" type="stmt"/>
      </file>
      <file name="tokenCounter.js" path="/home/bret/workspace/teleprompter/src/js/core/tokenCounter.js">
        <metrics statements="34" coveredstatements="34" conditionals="44" coveredconditionals="39" methods="5" coveredmethods="5"/>
        <line num="5" count="5" type="stmt"/>
        <line num="14" count="5" type="stmt"/>
        <line num="15" count="12" type="stmt"/>
        <line num="25" count="5" type="stmt"/>
        <line num="26" count="8" type="cond" truecount="2" falsecount="0"/>
        <line num="28" count="8" type="cond" truecount="2" falsecount="0"/>
        <line num="29" count="2" type="stmt"/>
        <line num="33" count="6" type="cond" truecount="2" falsecount="0"/>
        <line num="34" count="2" type="stmt"/>
        <line num="39" count="4" type="stmt"/>
        <line num="51" count="5" type="stmt"/>
        <line num="52" count="11" type="stmt"/>
        <line num="55" count="11" type="cond" truecount="4" falsecount="0"/>
        <line num="56" count="2" type="cond" truecount="2" falsecount="0"/>
        <line num="57" count="1" type="cond" truecount="1" falsecount="1"/>
        <line num="58" count="1" type="cond" truecount="1" falsecount="1"/>
        <line num="59" count="1" type="stmt"/>
        <line num="64" count="11" type="cond" truecount="2" falsecount="0"/>
        <line num="65" count="11" type="cond" truecount="2" falsecount="0"/>
        <line num="66" count="11" type="cond" truecount="2" falsecount="0"/>
        <line num="67" count="11" type="cond" truecount="2" falsecount="0"/>
        <line num="68" count="11" type="cond" truecount="2" falsecount="0"/>
        <line num="69" count="11" type="cond" truecount="2" falsecount="0"/>
        <line num="72" count="11" type="cond" truecount="4" falsecount="0"/>
        <line num="73" count="1" type="stmt"/>
        <line num="74" count="3" type="cond" truecount="1" falsecount="1"/>
        <line num="79" count="11" type="cond" truecount="4" falsecount="0"/>
        <line num="80" count="2" type="cond" truecount="2" falsecount="0"/>
        <line num="81" count="1" type="cond" truecount="1" falsecount="1"/>
        <line num="82" count="1" type="cond" truecount="1" falsecount="1"/>
        <line num="83" count="1" type="stmt"/>
        <line num="88" count="11" type="stmt"/>
        <line num="89" count="11" type="stmt"/>
        <line num="91" count="11" type="stmt"/>
      </file>
    </package>
  </project>
</coverage>
