{"/home/bret/workspace/teleprompter/src/js/state.js": {"path":"/home/bret/workspace/teleprompter/src/js/state.js","statementMap":{"0":{"start":{"line":5,"column":0},"end":{"line":30,"column":5}},"1":{"start":{"line":9,"column":4},"end":{"line":9,"column":28}},"2":{"start":{"line":12,"column":4},"end":{"line":12,"column":31}},"3":{"start":{"line":13,"column":4},"end":{"line":13,"column":28}},"4":{"start":{"line":16,"column":4},"end":{"line":16,"column":28}},"5":{"start":{"line":19,"column":4},"end":{"line":19,"column":30}},"6":{"start":{"line":22,"column":4},"end":{"line":28,"column":6}},"7":{"start":{"line":23,"column":8},"end":{"line":23,"column":32}},"8":{"start":{"line":24,"column":8},"end":{"line":24,"column":35}},"9":{"start":{"line":25,"column":8},"end":{"line":25,"column":32}},"10":{"start":{"line":26,"column":8},"end":{"line":26,"column":32}},"11":{"start":{"line":27,"column":8},"end":{"line":27,"column":34}}},"fnMap":{"0":{"name":"(anonymous_0)","decl":{"start":{"line":5,"column":1},"end":{"line":5,"column":2}},"loc":{"start":{"line":5,"column":12},"end":{"line":30,"column":1}},"line":5},"1":{"name":"(anonymous_1)","decl":{"start":{"line":22,"column":24},"end":{"line":22,"column":25}},"loc":{"start":{"line":22,"column":35},"end":{"line":28,"column":5}},"line":22}},"branchMap":{},"s":{"0":5,"1":5,"2":5,"3":5,"4":5,"5":5,"6":5,"7":206,"8":206,"9":206,"10":206,"11":206},"f":{"0":5,"1":206},"b":{},"_coverageSchema":"1a1c01bbd47fc00a2c39e90264f33305004495a9","hash":"bba30563e8ab91c164d13e6839b80288cfe84a61"}
,"/home/bret/workspace/teleprompter/src/js/config/constants.js": {"path":"/home/bret/workspace/teleprompter/src/js/config/constants.js","statementMap":{"0":{"start":{"line":5,"column":0},"end":{"line":53,"column":5}},"1":{"start":{"line":9,"column":4},"end":{"line":21,"column":6}},"2":{"start":{"line":24,"column":4},"end":{"line":38,"column":6}},"3":{"start":{"line":41,"column":4},"end":{"line":41,"column":28}},"4":{"start":{"line":42,"column":4},"end":{"line":42,"column":29}},"5":{"start":{"line":43,"column":4},"end":{"line":43,"column":30}},"6":{"start":{"line":46,"column":4},"end":{"line":51,"column":6}}},"fnMap":{"0":{"name":"(anonymous_0)","decl":{"start":{"line":5,"column":1},"end":{"line":5,"column":2}},"loc":{"start":{"line":5,"column":12},"end":{"line":53,"column":1}},"line":5}},"branchMap":{},"s":{"0":5,"1":5,"2":5,"3":5,"4":5,"5":5,"6":5},"f":{"0":5},"b":{},"_coverageSchema":"1a1c01bbd47fc00a2c39e90264f33305004495a9","hash":"05850177e91f57d1d5405212d41260799e264d04"}
,"/home/bret/workspace/teleprompter/src/js/config/scenarios.js": {"path":"/home/bret/workspace/teleprompter/src/js/config/scenarios.js","statementMap":{"0":{"start":{"line":5,"column":0},"end":{"line":152,"column":5}},"1":{"start":{"line":8,"column":4},"end":{"line":150,"column":6}}},"fnMap":{"0":{"name":"(anonymous_0)","decl":{"start":{"line":5,"column":1},"end":{"line":5,"column":2}},"loc":{"start":{"line":5,"column":12},"end":{"line":152,"column":1}},"line":5}},"branchMap":{},"s":{"0":5,"1":5},"f":{"0":5},"b":{},"_coverageSchema":"1a1c01bbd47fc00a2c39e90264f33305004495a9","hash":"ba24aa3277c2956068924e8d1eecd1092e9d728c"}
,"/home/bret/workspace/teleprompter/src/js/core/promptGenerator.js": {"path":"/home/bret/workspace/teleprompter/src/js/core/promptGenerator.js","statementMap":{"0":{"start":{"line":6,"column":0},"end":{"line":486,"column":5}},"1":{"start":{"line":15,"column":4},"end":{"line":25,"column":6}},"2":{"start":{"line":16,"column":8},"end":{"line":18,"column":9}},"3":{"start":{"line":17,"column":12},"end":{"line":17,"column":24}},"4":{"start":{"line":20,"column":8},"end":{"line":22,"column":9}},"5":{"start":{"line":21,"column":12},"end":{"line":21,"column":63}},"6":{"start":{"line":24,"column":8},"end":{"line":24,"column":64}},"7":{"start":{"line":33,"column":4},"end":{"line":43,"column":6}},"8":{"start":{"line":34,"column":8},"end":{"line":36,"column":9}},"9":{"start":{"line":35,"column":12},"end":{"line":35,"column":24}},"10":{"start":{"line":38,"column":8},"end":{"line":40,"column":9}},"11":{"start":{"line":39,"column":12},"end":{"line":39,"column":65}},"12":{"start":{"line":42,"column":8},"end":{"line":42,"column":66}},"13":{"start":{"line":50,"column":4},"end":{"line":74,"column":6}},"14":{"start":{"line":51,"column":29},"end":{"line":51,"column":55}},"15":{"start":{"line":52,"column":24},"end":{"line":52,"column":45}},"16":{"start":{"line":53,"column":32},"end":{"line":53,"column":76}},"17":{"start":{"line":55,"column":8},"end":{"line":57,"column":9}},"18":{"start":{"line":56,"column":12},"end":{"line":56,"column":24}},"19":{"start":{"line":59,"column":22},"end":{"line":59,"column":43}},"20":{"start":{"line":61,"column":8},"end":{"line":63,"column":9}},"21":{"start":{"line":62,"column":12},"end":{"line":62,"column":83}},"22":{"start":{"line":65,"column":8},"end":{"line":67,"column":9}},"23":{"start":{"line":66,"column":12},"end":{"line":66,"column":93}},"24":{"start":{"line":69,"column":8},"end":{"line":71,"column":9}},"25":{"start":{"line":70,"column":12},"end":{"line":70,"column":58}},"26":{"start":{"line":73,"column":8},"end":{"line":73,"column":23}},"27":{"start":{"line":81,"column":4},"end":{"line":102,"column":6}},"28":{"start":{"line":82,"column":8},"end":{"line":84,"column":9}},"29":{"start":{"line":83,"column":12},"end":{"line":83,"column":24}},"30":{"start":{"line":86,"column":22},"end":{"line":86,"column":55}},"31":{"start":{"line":88,"column":8},"end":{"line":90,"column":9}},"32":{"start":{"line":89,"column":12},"end":{"line":89,"column":77}},"33":{"start":{"line":91,"column":8},"end":{"line":93,"column":9}},"34":{"start":{"line":92,"column":12},"end":{"line":92,"column":100}},"35":{"start":{"line":94,"column":8},"end":{"line":96,"column":9}},"36":{"start":{"line":95,"column":12},"end":{"line":95,"column":92}},"37":{"start":{"line":97,"column":8},"end":{"line":99,"column":9}},"38":{"start":{"line":98,"column":12},"end":{"line":98,"column":87}},"39":{"start":{"line":101,"column":8},"end":{"line":101,"column":23}},"40":{"start":{"line":110,"column":4},"end":{"line":128,"column":6}},"41":{"start":{"line":111,"column":8},"end":{"line":113,"column":9}},"42":{"start":{"line":112,"column":12},"end":{"line":112,"column":24}},"43":{"start":{"line":115,"column":22},"end":{"line":115,"column":56}},"44":{"start":{"line":117,"column":8},"end":{"line":121,"column":11}},"45":{"start":{"line":118,"column":12},"end":{"line":120,"column":13}},"46":{"start":{"line":119,"column":16},"end":{"line":119,"column":72}},"47":{"start":{"line":123,"column":8},"end":{"line":125,"column":9}},"48":{"start":{"line":124,"column":12},"end":{"line":124,"column":101}},"49":{"start":{"line":127,"column":8},"end":{"line":127,"column":23}},"50":{"start":{"line":135,"column":4},"end":{"line":163,"column":6}},"51":{"start":{"line":136,"column":8},"end":{"line":138,"column":9}},"52":{"start":{"line":137,"column":12},"end":{"line":137,"column":24}},"53":{"start":{"line":140,"column":25},"end":{"line":142,"column":10}},"54":{"start":{"line":141,"column":12},"end":{"line":141,"column":84}},"55":{"start":{"line":144,"column":8},"end":{"line":146,"column":9}},"56":{"start":{"line":145,"column":12},"end":{"line":145,"column":24}},"57":{"start":{"line":148,"column":22},"end":{"line":148,"column":66}},"58":{"start":{"line":150,"column":8},"end":{"line":159,"column":11}},"59":{"start":{"line":151,"column":12},"end":{"line":158,"column":13}},"60":{"start":{"line":152,"column":16},"end":{"line":152,"column":62}},"61":{"start":{"line":153,"column":16},"end":{"line":153,"column":75}},"62":{"start":{"line":154,"column":16},"end":{"line":154,"column":70}},"63":{"start":{"line":155,"column":16},"end":{"line":157,"column":17}},"64":{"start":{"line":156,"column":20},"end":{"line":156,"column":36}},"65":{"start":{"line":161,"column":8},"end":{"line":161,"column":71}},"66":{"start":{"line":162,"column":8},"end":{"line":162,"column":23}},"67":{"start":{"line":170,"column":4},"end":{"line":200,"column":6}},"68":{"start":{"line":171,"column":19},"end":{"line":171,"column":50}},"69":{"start":{"line":172,"column":24},"end":{"line":172,"column":56}},"70":{"start":{"line":173,"column":20},"end":{"line":173,"column":40}},"71":{"start":{"line":174,"column":19},"end":{"line":174,"column":38}},"72":{"start":{"line":175,"column":28},"end":{"line":175,"column":64}},"73":{"start":{"line":177,"column":8},"end":{"line":179,"column":9}},"74":{"start":{"line":178,"column":12},"end":{"line":178,"column":24}},"75":{"start":{"line":181,"column":22},"end":{"line":181,"column":51}},"76":{"start":{"line":183,"column":8},"end":{"line":185,"column":9}},"77":{"start":{"line":184,"column":12},"end":{"line":184,"column":59}},"78":{"start":{"line":186,"column":8},"end":{"line":188,"column":9}},"79":{"start":{"line":187,"column":12},"end":{"line":187,"column":61}},"80":{"start":{"line":189,"column":8},"end":{"line":194,"column":9}},"81":{"start":{"line":190,"column":12},"end":{"line":190,"column":62}},"82":{"start":{"line":191,"column":12},"end":{"line":193,"column":13}},"83":{"start":{"line":192,"column":16},"end":{"line":192,"column":53}},"84":{"start":{"line":195,"column":8},"end":{"line":197,"column":9}},"85":{"start":{"line":196,"column":12},"end":{"line":196,"column":96}},"86":{"start":{"line":199,"column":8},"end":{"line":199,"column":23}},"87":{"start":{"line":207,"column":4},"end":{"line":232,"column":6}},"88":{"start":{"line":208,"column":8},"end":{"line":211,"column":9}},"89":{"start":{"line":210,"column":12},"end":{"line":210,"column":24}},"90":{"start":{"line":213,"column":22},"end":{"line":213,"column":44}},"91":{"start":{"line":215,"column":8},"end":{"line":217,"column":9}},"92":{"start":{"line":216,"column":12},"end":{"line":216,"column":96}},"93":{"start":{"line":218,"column":8},"end":{"line":220,"column":9}},"94":{"start":{"line":219,"column":12},"end":{"line":219,"column":88}},"95":{"start":{"line":221,"column":8},"end":{"line":223,"column":9}},"96":{"start":{"line":222,"column":12},"end":{"line":222,"column":85}},"97":{"start":{"line":224,"column":8},"end":{"line":226,"column":9}},"98":{"start":{"line":225,"column":12},"end":{"line":225,"column":100}},"99":{"start":{"line":227,"column":8},"end":{"line":229,"column":9}},"100":{"start":{"line":228,"column":12},"end":{"line":228,"column":83}},"101":{"start":{"line":231,"column":8},"end":{"line":231,"column":23}},"102":{"start":{"line":239,"column":4},"end":{"line":265,"column":6}},"103":{"start":{"line":240,"column":20},"end":{"line":240,"column":40}},"104":{"start":{"line":241,"column":18},"end":{"line":241,"column":37}},"105":{"start":{"line":242,"column":24},"end":{"line":242,"column":56}},"106":{"start":{"line":243,"column":27},"end":{"line":243,"column":47}},"107":{"start":{"line":245,"column":8},"end":{"line":247,"column":9}},"108":{"start":{"line":246,"column":12},"end":{"line":246,"column":24}},"109":{"start":{"line":249,"column":22},"end":{"line":249,"column":52}},"110":{"start":{"line":251,"column":8},"end":{"line":253,"column":9}},"111":{"start":{"line":252,"column":12},"end":{"line":252,"column":53}},"112":{"start":{"line":254,"column":8},"end":{"line":256,"column":9}},"113":{"start":{"line":255,"column":12},"end":{"line":255,"column":51}},"114":{"start":{"line":257,"column":8},"end":{"line":259,"column":9}},"115":{"start":{"line":258,"column":12},"end":{"line":258,"column":61}},"116":{"start":{"line":260,"column":8},"end":{"line":262,"column":9}},"117":{"start":{"line":261,"column":12},"end":{"line":261,"column":60}},"118":{"start":{"line":264,"column":8},"end":{"line":264,"column":23}},"119":{"start":{"line":272,"column":4},"end":{"line":295,"column":6}},"120":{"start":{"line":273,"column":8},"end":{"line":275,"column":9}},"121":{"start":{"line":274,"column":12},"end":{"line":274,"column":24}},"122":{"start":{"line":277,"column":25},"end":{"line":279,"column":10}},"123":{"start":{"line":278,"column":12},"end":{"line":278,"column":57}},"124":{"start":{"line":281,"column":8},"end":{"line":283,"column":9}},"125":{"start":{"line":282,"column":12},"end":{"line":282,"column":24}},"126":{"start":{"line":285,"column":22},"end":{"line":285,"column":93}},"127":{"start":{"line":287,"column":8},"end":{"line":292,"column":11}},"128":{"start":{"line":288,"column":12},"end":{"line":291,"column":13}},"129":{"start":{"line":289,"column":34},"end":{"line":289,"column":99}},"130":{"start":{"line":290,"column":16},"end":{"line":290,"column":105}},"131":{"start":{"line":294,"column":8},"end":{"line":294,"column":23}},"132":{"start":{"line":302,"column":4},"end":{"line":327,"column":6}},"133":{"start":{"line":303,"column":8},"end":{"line":306,"column":9}},"134":{"start":{"line":305,"column":12},"end":{"line":305,"column":24}},"135":{"start":{"line":308,"column":22},"end":{"line":308,"column":43}},"136":{"start":{"line":310,"column":8},"end":{"line":312,"column":9}},"137":{"start":{"line":311,"column":12},"end":{"line":311,"column":113}},"138":{"start":{"line":313,"column":8},"end":{"line":315,"column":9}},"139":{"start":{"line":314,"column":12},"end":{"line":314,"column":98}},"140":{"start":{"line":316,"column":8},"end":{"line":318,"column":9}},"141":{"start":{"line":317,"column":12},"end":{"line":317,"column":92}},"142":{"start":{"line":319,"column":8},"end":{"line":321,"column":9}},"143":{"start":{"line":320,"column":12},"end":{"line":320,"column":79}},"144":{"start":{"line":322,"column":8},"end":{"line":324,"column":9}},"145":{"start":{"line":323,"column":12},"end":{"line":323,"column":92}},"146":{"start":{"line":326,"column":8},"end":{"line":326,"column":23}},"147":{"start":{"line":335,"column":4},"end":{"line":347,"column":6}},"148":{"start":{"line":336,"column":23},"end":{"line":336,"column":25}},"149":{"start":{"line":338,"column":8},"end":{"line":340,"column":9}},"150":{"start":{"line":339,"column":12},"end":{"line":339,"column":214}},"151":{"start":{"line":342,"column":8},"end":{"line":344,"column":9}},"152":{"start":{"line":343,"column":12},"end":{"line":343,"column":290}},"153":{"start":{"line":346,"column":8},"end":{"line":346,"column":24}},"154":{"start":{"line":354,"column":4},"end":{"line":466,"column":6}},"155":{"start":{"line":355,"column":23},"end":{"line":355,"column":25}},"156":{"start":{"line":358,"column":22},"end":{"line":358,"column":90}},"157":{"start":{"line":359,"column":8},"end":{"line":359,"column":44}},"158":{"start":{"line":359,"column":21},"end":{"line":359,"column":44}},"159":{"start":{"line":362,"column":23},"end":{"line":362,"column":94}},"160":{"start":{"line":363,"column":8},"end":{"line":363,"column":46}},"161":{"start":{"line":363,"column":22},"end":{"line":363,"column":46}},"162":{"start":{"line":366,"column":26},"end":{"line":370,"column":10}},"163":{"start":{"line":371,"column":8},"end":{"line":371,"column":52}},"164":{"start":{"line":371,"column":25},"end":{"line":371,"column":52}},"165":{"start":{"line":374,"column":21},"end":{"line":379,"column":10}},"166":{"start":{"line":380,"column":8},"end":{"line":380,"column":42}},"167":{"start":{"line":380,"column":20},"end":{"line":380,"column":42}},"168":{"start":{"line":383,"column":8},"end":{"line":385,"column":9}},"169":{"start":{"line":384,"column":12},"end":{"line":384,"column":87}},"170":{"start":{"line":388,"column":8},"end":{"line":390,"column":9}},"171":{"start":{"line":389,"column":12},"end":{"line":389,"column":53}},"172":{"start":{"line":393,"column":8},"end":{"line":395,"column":9}},"173":{"start":{"line":394,"column":12},"end":{"line":394,"column":56}},"174":{"start":{"line":398,"column":8},"end":{"line":404,"column":9}},"175":{"start":{"line":399,"column":22},"end":{"line":399,"column":84}},"176":{"start":{"line":400,"column":12},"end":{"line":400,"column":40}},"177":{"start":{"line":400,"column":21},"end":{"line":400,"column":40}},"178":{"start":{"line":401,"column":15},"end":{"line":404,"column":9}},"179":{"start":{"line":402,"column":26},"end":{"line":402,"column":71}},"180":{"start":{"line":403,"column":12},"end":{"line":403,"column":48}},"181":{"start":{"line":403,"column":25},"end":{"line":403,"column":48}},"182":{"start":{"line":407,"column":19},"end":{"line":413,"column":10}},"183":{"start":{"line":414,"column":8},"end":{"line":414,"column":38}},"184":{"start":{"line":414,"column":18},"end":{"line":414,"column":38}},"185":{"start":{"line":417,"column":23},"end":{"line":423,"column":10}},"186":{"start":{"line":424,"column":8},"end":{"line":424,"column":46}},"187":{"start":{"line":424,"column":22},"end":{"line":424,"column":46}},"188":{"start":{"line":427,"column":23},"end":{"line":432,"column":10}},"189":{"start":{"line":433,"column":8},"end":{"line":433,"column":46}},"190":{"start":{"line":433,"column":22},"end":{"line":433,"column":46}},"191":{"start":{"line":436,"column":8},"end":{"line":438,"column":9}},"192":{"start":{"line":437,"column":12},"end":{"line":437,"column":77}},"193":{"start":{"line":441,"column":30},"end":{"line":441,"column":117}},"194":{"start":{"line":442,"column":8},"end":{"line":444,"column":11}},"195":{"start":{"line":443,"column":12},"end":{"line":443,"column":35}},"196":{"start":{"line":447,"column":25},"end":{"line":447,"column":76}},"197":{"start":{"line":448,"column":8},"end":{"line":448,"column":50}},"198":{"start":{"line":448,"column":24},"end":{"line":448,"column":50}},"199":{"start":{"line":451,"column":8},"end":{"line":453,"column":9}},"200":{"start":{"line":452,"column":12},"end":{"line":452,"column":85}},"201":{"start":{"line":456,"column":24},"end":{"line":462,"column":10}},"202":{"start":{"line":463,"column":8},"end":{"line":463,"column":48}},"203":{"start":{"line":463,"column":23},"end":{"line":463,"column":48}},"204":{"start":{"line":465,"column":8},"end":{"line":465,"column":37}},"205":{"start":{"line":473,"column":4},"end":{"line":475,"column":6}},"206":{"start":{"line":474,"column":8},"end":{"line":474,"column":62}},"207":{"start":{"line":482,"column":4},"end":{"line":484,"column":6}},"208":{"start":{"line":483,"column":8},"end":{"line":483,"column":181}}},"fnMap":{"0":{"name":"(anonymous_0)","decl":{"start":{"line":6,"column":1},"end":{"line":6,"column":2}},"loc":{"start":{"line":6,"column":12},"end":{"line":486,"column":1}},"line":6},"1":{"name":"(anonymous_1)","decl":{"start":{"line":15,"column":33},"end":{"line":15,"column":34}},"loc":{"start":{"line":15,"column":74},"end":{"line":25,"column":5}},"line":15},"2":{"name":"(anonymous_2)","decl":{"start":{"line":33,"column":34},"end":{"line":33,"column":35}},"loc":{"start":{"line":33,"column":77},"end":{"line":43,"column":5}},"line":33},"3":{"name":"(anonymous_3)","decl":{"start":{"line":50,"column":37},"end":{"line":50,"column":38}},"loc":{"start":{"line":50,"column":59},"end":{"line":74,"column":5}},"line":50},"4":{"name":"(anonymous_4)","decl":{"start":{"line":81,"column":32},"end":{"line":81,"column":33}},"loc":{"start":{"line":81,"column":50},"end":{"line":102,"column":5}},"line":81},"5":{"name":"(anonymous_5)","decl":{"start":{"line":110,"column":29},"end":{"line":110,"column":30}},"loc":{"start":{"line":110,"column":57},"end":{"line":128,"column":5}},"line":110},"6":{"name":"(anonymous_6)","decl":{"start":{"line":117,"column":22},"end":{"line":117,"column":23}},"loc":{"start":{"line":117,"column":44},"end":{"line":121,"column":9}},"line":117},"7":{"name":"(anonymous_7)","decl":{"start":{"line":135,"column":33},"end":{"line":135,"column":34}},"loc":{"start":{"line":135,"column":52},"end":{"line":163,"column":5}},"line":135},"8":{"name":"(anonymous_8)","decl":{"start":{"line":140,"column":39},"end":{"line":140,"column":40}},"loc":{"start":{"line":140,"column":52},"end":{"line":142,"column":9}},"line":140},"9":{"name":"(anonymous_9)","decl":{"start":{"line":150,"column":25},"end":{"line":150,"column":26}},"loc":{"start":{"line":150,"column":50},"end":{"line":159,"column":9}},"line":150},"10":{"name":"(anonymous_10)","decl":{"start":{"line":170,"column":30},"end":{"line":170,"column":31}},"loc":{"start":{"line":170,"column":48},"end":{"line":200,"column":5}},"line":170},"11":{"name":"(anonymous_11)","decl":{"start":{"line":207,"column":34},"end":{"line":207,"column":35}},"loc":{"start":{"line":207,"column":52},"end":{"line":232,"column":5}},"line":207},"12":{"name":"(anonymous_12)","decl":{"start":{"line":239,"column":34},"end":{"line":239,"column":35}},"loc":{"start":{"line":239,"column":52},"end":{"line":265,"column":5}},"line":239},"13":{"name":"(anonymous_13)","decl":{"start":{"line":272,"column":36},"end":{"line":272,"column":37}},"loc":{"start":{"line":272,"column":58},"end":{"line":295,"column":5}},"line":272},"14":{"name":"(anonymous_14)","decl":{"start":{"line":277,"column":42},"end":{"line":277,"column":43}},"loc":{"start":{"line":277,"column":54},"end":{"line":279,"column":9}},"line":277},"15":{"name":"(anonymous_15)","decl":{"start":{"line":287,"column":28},"end":{"line":287,"column":29}},"loc":{"start":{"line":287,"column":56},"end":{"line":292,"column":9}},"line":287},"16":{"name":"(anonymous_16)","decl":{"start":{"line":302,"column":35},"end":{"line":302,"column":36}},"loc":{"start":{"line":302,"column":53},"end":{"line":327,"column":5}},"line":302},"17":{"name":"(anonymous_17)","decl":{"start":{"line":335,"column":41},"end":{"line":335,"column":42}},"loc":{"start":{"line":335,"column":85},"end":{"line":347,"column":5}},"line":335},"18":{"name":"(anonymous_18)","decl":{"start":{"line":354,"column":28},"end":{"line":354,"column":29}},"loc":{"start":{"line":354,"column":47},"end":{"line":466,"column":5}},"line":354},"19":{"name":"(anonymous_19)","decl":{"start":{"line":442,"column":32},"end":{"line":442,"column":33}},"loc":{"start":{"line":442,"column":50},"end":{"line":444,"column":9}},"line":442},"20":{"name":"(anonymous_20)","decl":{"start":{"line":473,"column":34},"end":{"line":473,"column":35}},"loc":{"start":{"line":473,"column":57},"end":{"line":475,"column":5}},"line":473},"21":{"name":"(anonymous_21)","decl":{"start":{"line":482,"column":34},"end":{"line":482,"column":35}},"loc":{"start":{"line":482,"column":51},"end":{"line":484,"column":5}},"line":482}},"branchMap":{"0":{"loc":{"start":{"line":16,"column":8},"end":{"line":18,"column":9}},"type":"if","locations":[{"start":{"line":16,"column":8},"end":{"line":18,"column":9}},{"start":{},"end":{}}],"line":16},"1":{"loc":{"start":{"line":16,"column":12},"end":{"line":16,"column":71}},"type":"binary-expr","locations":[{"start":{"line":16,"column":12},"end":{"line":16,"column":28}},{"start":{"line":16,"column":32},"end":{"line":16,"column":71}}],"line":16},"2":{"loc":{"start":{"line":20,"column":8},"end":{"line":22,"column":9}},"type":"if","locations":[{"start":{"line":20,"column":8},"end":{"line":22,"column":9}},{"start":{},"end":{}}],"line":20},"3":{"loc":{"start":{"line":21,"column":19},"end":{"line":21,"column":62}},"type":"cond-expr","locations":[{"start":{"line":21,"column":35},"end":{"line":21,"column":55}},{"start":{"line":21,"column":58},"end":{"line":21,"column":62}}],"line":21},"4":{"loc":{"start":{"line":24,"column":15},"end":{"line":24,"column":63}},"type":"binary-expr","locations":[{"start":{"line":24,"column":15},"end":{"line":24,"column":55}},{"start":{"line":24,"column":59},"end":{"line":24,"column":63}}],"line":24},"5":{"loc":{"start":{"line":34,"column":8},"end":{"line":36,"column":9}},"type":"if","locations":[{"start":{"line":34,"column":8},"end":{"line":36,"column":9}},{"start":{},"end":{}}],"line":34},"6":{"loc":{"start":{"line":34,"column":12},"end":{"line":34,"column":79}},"type":"binary-expr","locations":[{"start":{"line":34,"column":12},"end":{"line":34,"column":29}},{"start":{"line":34,"column":33},"end":{"line":34,"column":79}}],"line":34},"7":{"loc":{"start":{"line":38,"column":8},"end":{"line":40,"column":9}},"type":"if","locations":[{"start":{"line":38,"column":8},"end":{"line":40,"column":9}},{"start":{},"end":{}}],"line":38},"8":{"loc":{"start":{"line":39,"column":19},"end":{"line":39,"column":64}},"type":"cond-expr","locations":[{"start":{"line":39,"column":36},"end":{"line":39,"column":57}},{"start":{"line":39,"column":60},"end":{"line":39,"column":64}}],"line":39},"9":{"loc":{"start":{"line":42,"column":15},"end":{"line":42,"column":65}},"type":"binary-expr","locations":[{"start":{"line":42,"column":15},"end":{"line":42,"column":57}},{"start":{"line":42,"column":61},"end":{"line":42,"column":65}}],"line":42},"10":{"loc":{"start":{"line":53,"column":33},"end":{"line":53,"column":68}},"type":"binary-expr","locations":[{"start":{"line":53,"column":33},"end":{"line":53,"column":62}},{"start":{"line":53,"column":66},"end":{"line":53,"column":68}}],"line":53},"11":{"loc":{"start":{"line":55,"column":8},"end":{"line":57,"column":9}},"type":"if","locations":[{"start":{"line":55,"column":8},"end":{"line":57,"column":9}},{"start":{},"end":{}}],"line":55},"12":{"loc":{"start":{"line":55,"column":12},"end":{"line":55,"column":63}},"type":"binary-expr","locations":[{"start":{"line":55,"column":12},"end":{"line":55,"column":27}},{"start":{"line":55,"column":31},"end":{"line":55,"column":41}},{"start":{"line":55,"column":45},"end":{"line":55,"column":63}}],"line":55},"13":{"loc":{"start":{"line":61,"column":8},"end":{"line":63,"column":9}},"type":"if","locations":[{"start":{"line":61,"column":8},"end":{"line":63,"column":9}},{"start":{},"end":{}}],"line":61},"14":{"loc":{"start":{"line":61,"column":12},"end":{"line":61,"column":72}},"type":"binary-expr","locations":[{"start":{"line":61,"column":12},"end":{"line":61,"column":26}},{"start":{"line":61,"column":30},"end":{"line":61,"column":72}}],"line":61},"15":{"loc":{"start":{"line":65,"column":8},"end":{"line":67,"column":9}},"type":"if","locations":[{"start":{"line":65,"column":8},"end":{"line":67,"column":9}},{"start":{},"end":{}}],"line":65},"16":{"loc":{"start":{"line":69,"column":8},"end":{"line":71,"column":9}},"type":"if","locations":[{"start":{"line":69,"column":8},"end":{"line":71,"column":9}},{"start":{},"end":{}}],"line":69},"17":{"loc":{"start":{"line":82,"column":8},"end":{"line":84,"column":9}},"type":"if","locations":[{"start":{"line":82,"column":8},"end":{"line":84,"column":9}},{"start":{},"end":{}}],"line":82},"18":{"loc":{"start":{"line":82,"column":12},"end":{"line":82,"column":96}},"type":"binary-expr","locations":[{"start":{"line":82,"column":12},"end":{"line":82,"column":30}},{"start":{"line":82,"column":34},"end":{"line":82,"column":56}},{"start":{"line":82,"column":60},"end":{"line":82,"column":76}},{"start":{"line":82,"column":80},"end":{"line":82,"column":96}}],"line":82},"19":{"loc":{"start":{"line":88,"column":8},"end":{"line":90,"column":9}},"type":"if","locations":[{"start":{"line":88,"column":8},"end":{"line":90,"column":9}},{"start":{},"end":{}}],"line":88},"20":{"loc":{"start":{"line":91,"column":8},"end":{"line":93,"column":9}},"type":"if","locations":[{"start":{"line":91,"column":8},"end":{"line":93,"column":9}},{"start":{},"end":{}}],"line":91},"21":{"loc":{"start":{"line":94,"column":8},"end":{"line":96,"column":9}},"type":"if","locations":[{"start":{"line":94,"column":8},"end":{"line":96,"column":9}},{"start":{},"end":{}}],"line":94},"22":{"loc":{"start":{"line":97,"column":8},"end":{"line":99,"column":9}},"type":"if","locations":[{"start":{"line":97,"column":8},"end":{"line":99,"column":9}},{"start":{},"end":{}}],"line":97},"23":{"loc":{"start":{"line":111,"column":8},"end":{"line":113,"column":9}},"type":"if","locations":[{"start":{"line":111,"column":8},"end":{"line":113,"column":9}},{"start":{},"end":{}}],"line":111},"24":{"loc":{"start":{"line":111,"column":12},"end":{"line":111,"column":57}},"type":"binary-expr","locations":[{"start":{"line":111,"column":12},"end":{"line":111,"column":18}},{"start":{"line":111,"column":22},"end":{"line":111,"column":57}}],"line":111},"25":{"loc":{"start":{"line":118,"column":12},"end":{"line":120,"column":13}},"type":"if","locations":[{"start":{"line":118,"column":12},"end":{"line":120,"column":13}},{"start":{},"end":{}}],"line":118},"26":{"loc":{"start":{"line":118,"column":16},"end":{"line":118,"column":35}},"type":"binary-expr","locations":[{"start":{"line":118,"column":16},"end":{"line":118,"column":20}},{"start":{"line":118,"column":24},"end":{"line":118,"column":35}}],"line":118},"27":{"loc":{"start":{"line":123,"column":8},"end":{"line":125,"column":9}},"type":"if","locations":[{"start":{"line":123,"column":8},"end":{"line":125,"column":9}},{"start":{},"end":{}}],"line":123},"28":{"loc":{"start":{"line":136,"column":8},"end":{"line":138,"column":9}},"type":"if","locations":[{"start":{"line":136,"column":8},"end":{"line":138,"column":9}},{"start":{},"end":{}}],"line":136},"29":{"loc":{"start":{"line":136,"column":12},"end":{"line":136,"column":46}},"type":"binary-expr","locations":[{"start":{"line":136,"column":12},"end":{"line":136,"column":21}},{"start":{"line":136,"column":25},"end":{"line":136,"column":46}}],"line":136},"30":{"loc":{"start":{"line":141,"column":19},"end":{"line":141,"column":83}},"type":"binary-expr","locations":[{"start":{"line":141,"column":20},"end":{"line":141,"column":28}},{"start":{"line":141,"column":32},"end":{"line":141,"column":47}},{"start":{"line":141,"column":53},"end":{"line":141,"column":62}},{"start":{"line":141,"column":66},"end":{"line":141,"column":82}}],"line":141},"31":{"loc":{"start":{"line":144,"column":8},"end":{"line":146,"column":9}},"type":"if","locations":[{"start":{"line":144,"column":8},"end":{"line":146,"column":9}},{"start":{},"end":{}}],"line":144},"32":{"loc":{"start":{"line":151,"column":12},"end":{"line":158,"column":13}},"type":"if","locations":[{"start":{"line":151,"column":12},"end":{"line":158,"column":13}},{"start":{},"end":{}}],"line":151},"33":{"loc":{"start":{"line":151,"column":16},"end":{"line":151,"column":100}},"type":"binary-expr","locations":[{"start":{"line":151,"column":17},"end":{"line":151,"column":30}},{"start":{"line":151,"column":34},"end":{"line":151,"column":54}},{"start":{"line":151,"column":60},"end":{"line":151,"column":74}},{"start":{"line":151,"column":78},"end":{"line":151,"column":99}}],"line":151},"34":{"loc":{"start":{"line":153,"column":40},"end":{"line":153,"column":59}},"type":"binary-expr","locations":[{"start":{"line":153,"column":40},"end":{"line":153,"column":53}},{"start":{"line":153,"column":57},"end":{"line":153,"column":59}}],"line":153},"35":{"loc":{"start":{"line":154,"column":41},"end":{"line":154,"column":61}},"type":"binary-expr","locations":[{"start":{"line":154,"column":41},"end":{"line":154,"column":55}},{"start":{"line":154,"column":59},"end":{"line":154,"column":61}}],"line":154},"36":{"loc":{"start":{"line":155,"column":16},"end":{"line":157,"column":17}},"type":"if","locations":[{"start":{"line":155,"column":16},"end":{"line":157,"column":17}},{"start":{},"end":{}}],"line":155},"37":{"loc":{"start":{"line":171,"column":20},"end":{"line":171,"column":42}},"type":"binary-expr","locations":[{"start":{"line":171,"column":20},"end":{"line":171,"column":36}},{"start":{"line":171,"column":40},"end":{"line":171,"column":42}}],"line":171},"38":{"loc":{"start":{"line":172,"column":25},"end":{"line":172,"column":48}},"type":"binary-expr","locations":[{"start":{"line":172,"column":25},"end":{"line":172,"column":42}},{"start":{"line":172,"column":46},"end":{"line":172,"column":48}}],"line":172},"39":{"loc":{"start":{"line":175,"column":29},"end":{"line":175,"column":56}},"type":"binary-expr","locations":[{"start":{"line":175,"column":29},"end":{"line":175,"column":50}},{"start":{"line":175,"column":54},"end":{"line":175,"column":56}}],"line":175},"40":{"loc":{"start":{"line":177,"column":8},"end":{"line":179,"column":9}},"type":"if","locations":[{"start":{"line":177,"column":8},"end":{"line":179,"column":9}},{"start":{},"end":{}}],"line":177},"41":{"loc":{"start":{"line":177,"column":12},"end":{"line":177,"column":50}},"type":"binary-expr","locations":[{"start":{"line":177,"column":12},"end":{"line":177,"column":17}},{"start":{"line":177,"column":21},"end":{"line":177,"column":31}},{"start":{"line":177,"column":35},"end":{"line":177,"column":41}},{"start":{"line":177,"column":45},"end":{"line":177,"column":50}}],"line":177},"42":{"loc":{"start":{"line":183,"column":8},"end":{"line":185,"column":9}},"type":"if","locations":[{"start":{"line":183,"column":8},"end":{"line":185,"column":9}},{"start":{},"end":{}}],"line":183},"43":{"loc":{"start":{"line":186,"column":8},"end":{"line":188,"column":9}},"type":"if","locations":[{"start":{"line":186,"column":8},"end":{"line":188,"column":9}},{"start":{},"end":{}}],"line":186},"44":{"loc":{"start":{"line":189,"column":8},"end":{"line":194,"column":9}},"type":"if","locations":[{"start":{"line":189,"column":8},"end":{"line":194,"column":9}},{"start":{},"end":{}}],"line":189},"45":{"loc":{"start":{"line":191,"column":12},"end":{"line":193,"column":13}},"type":"if","locations":[{"start":{"line":191,"column":12},"end":{"line":193,"column":13}},{"start":{},"end":{}}],"line":191},"46":{"loc":{"start":{"line":195,"column":8},"end":{"line":197,"column":9}},"type":"if","locations":[{"start":{"line":195,"column":8},"end":{"line":197,"column":9}},{"start":{},"end":{}}],"line":195},"47":{"loc":{"start":{"line":208,"column":8},"end":{"line":211,"column":9}},"type":"if","locations":[{"start":{"line":208,"column":8},"end":{"line":211,"column":9}},{"start":{},"end":{}}],"line":208},"48":{"loc":{"start":{"line":208,"column":12},"end":{"line":209,"column":62}},"type":"binary-expr","locations":[{"start":{"line":208,"column":12},"end":{"line":208,"column":33}},{"start":{"line":208,"column":37},"end":{"line":208,"column":57}},{"start":{"line":208,"column":61},"end":{"line":208,"column":84}},{"start":{"line":209,"column":12},"end":{"line":209,"column":32}},{"start":{"line":209,"column":36},"end":{"line":209,"column":62}}],"line":208},"49":{"loc":{"start":{"line":215,"column":8},"end":{"line":217,"column":9}},"type":"if","locations":[{"start":{"line":215,"column":8},"end":{"line":217,"column":9}},{"start":{},"end":{}}],"line":215},"50":{"loc":{"start":{"line":218,"column":8},"end":{"line":220,"column":9}},"type":"if","locations":[{"start":{"line":218,"column":8},"end":{"line":220,"column":9}},{"start":{},"end":{}}],"line":218},"51":{"loc":{"start":{"line":221,"column":8},"end":{"line":223,"column":9}},"type":"if","locations":[{"start":{"line":221,"column":8},"end":{"line":223,"column":9}},{"start":{},"end":{}}],"line":221},"52":{"loc":{"start":{"line":224,"column":8},"end":{"line":226,"column":9}},"type":"if","locations":[{"start":{"line":224,"column":8},"end":{"line":226,"column":9}},{"start":{},"end":{}}],"line":224},"53":{"loc":{"start":{"line":227,"column":8},"end":{"line":229,"column":9}},"type":"if","locations":[{"start":{"line":227,"column":8},"end":{"line":229,"column":9}},{"start":{},"end":{}}],"line":227},"54":{"loc":{"start":{"line":242,"column":25},"end":{"line":242,"column":48}},"type":"binary-expr","locations":[{"start":{"line":242,"column":25},"end":{"line":242,"column":42}},{"start":{"line":242,"column":46},"end":{"line":242,"column":48}}],"line":242},"55":{"loc":{"start":{"line":245,"column":8},"end":{"line":247,"column":9}},"type":"if","locations":[{"start":{"line":245,"column":8},"end":{"line":247,"column":9}},{"start":{},"end":{}}],"line":245},"56":{"loc":{"start":{"line":245,"column":12},"end":{"line":245,"column":57}},"type":"binary-expr","locations":[{"start":{"line":245,"column":12},"end":{"line":245,"column":18}},{"start":{"line":245,"column":22},"end":{"line":245,"column":26}},{"start":{"line":245,"column":30},"end":{"line":245,"column":40}},{"start":{"line":245,"column":44},"end":{"line":245,"column":57}}],"line":245},"57":{"loc":{"start":{"line":251,"column":8},"end":{"line":253,"column":9}},"type":"if","locations":[{"start":{"line":251,"column":8},"end":{"line":253,"column":9}},{"start":{},"end":{}}],"line":251},"58":{"loc":{"start":{"line":254,"column":8},"end":{"line":256,"column":9}},"type":"if","locations":[{"start":{"line":254,"column":8},"end":{"line":256,"column":9}},{"start":{},"end":{}}],"line":254},"59":{"loc":{"start":{"line":257,"column":8},"end":{"line":259,"column":9}},"type":"if","locations":[{"start":{"line":257,"column":8},"end":{"line":259,"column":9}},{"start":{},"end":{}}],"line":257},"60":{"loc":{"start":{"line":260,"column":8},"end":{"line":262,"column":9}},"type":"if","locations":[{"start":{"line":260,"column":8},"end":{"line":262,"column":9}},{"start":{},"end":{}}],"line":260},"61":{"loc":{"start":{"line":273,"column":8},"end":{"line":275,"column":9}},"type":"if","locations":[{"start":{"line":273,"column":8},"end":{"line":275,"column":9}},{"start":{},"end":{}}],"line":273},"62":{"loc":{"start":{"line":273,"column":12},"end":{"line":273,"column":52}},"type":"binary-expr","locations":[{"start":{"line":273,"column":12},"end":{"line":273,"column":24}},{"start":{"line":273,"column":28},"end":{"line":273,"column":52}}],"line":273},"63":{"loc":{"start":{"line":278,"column":19},"end":{"line":278,"column":56}},"type":"binary-expr","locations":[{"start":{"line":278,"column":19},"end":{"line":278,"column":32}},{"start":{"line":278,"column":36},"end":{"line":278,"column":56}}],"line":278},"64":{"loc":{"start":{"line":281,"column":8},"end":{"line":283,"column":9}},"type":"if","locations":[{"start":{"line":281,"column":8},"end":{"line":283,"column":9}},{"start":{},"end":{}}],"line":281},"65":{"loc":{"start":{"line":288,"column":12},"end":{"line":291,"column":13}},"type":"if","locations":[{"start":{"line":288,"column":12},"end":{"line":291,"column":13}},{"start":{},"end":{}}],"line":288},"66":{"loc":{"start":{"line":288,"column":16},"end":{"line":288,"column":71}},"type":"binary-expr","locations":[{"start":{"line":288,"column":16},"end":{"line":288,"column":38}},{"start":{"line":288,"column":42},"end":{"line":288,"column":71}}],"line":288},"67":{"loc":{"start":{"line":289,"column":34},"end":{"line":289,"column":99}},"type":"cond-expr","locations":[{"start":{"line":289,"column":69},"end":{"line":289,"column":81}},{"start":{"line":289,"column":84},"end":{"line":289,"column":99}}],"line":289},"68":{"loc":{"start":{"line":303,"column":8},"end":{"line":306,"column":9}},"type":"if","locations":[{"start":{"line":303,"column":8},"end":{"line":306,"column":9}},{"start":{},"end":{}}],"line":303},"69":{"loc":{"start":{"line":303,"column":12},"end":{"line":304,"column":72}},"type":"binary-expr","locations":[{"start":{"line":303,"column":12},"end":{"line":303,"column":34}},{"start":{"line":303,"column":38},"end":{"line":303,"column":66}},{"start":{"line":303,"column":70},"end":{"line":303,"column":94}},{"start":{"line":304,"column":12},"end":{"line":304,"column":40}},{"start":{"line":304,"column":44},"end":{"line":304,"column":72}}],"line":303},"70":{"loc":{"start":{"line":310,"column":8},"end":{"line":312,"column":9}},"type":"if","locations":[{"start":{"line":310,"column":8},"end":{"line":312,"column":9}},{"start":{},"end":{}}],"line":310},"71":{"loc":{"start":{"line":313,"column":8},"end":{"line":315,"column":9}},"type":"if","locations":[{"start":{"line":313,"column":8},"end":{"line":315,"column":9}},{"start":{},"end":{}}],"line":313},"72":{"loc":{"start":{"line":316,"column":8},"end":{"line":318,"column":9}},"type":"if","locations":[{"start":{"line":316,"column":8},"end":{"line":318,"column":9}},{"start":{},"end":{}}],"line":316},"73":{"loc":{"start":{"line":319,"column":8},"end":{"line":321,"column":9}},"type":"if","locations":[{"start":{"line":319,"column":8},"end":{"line":321,"column":9}},{"start":{},"end":{}}],"line":319},"74":{"loc":{"start":{"line":322,"column":8},"end":{"line":324,"column":9}},"type":"if","locations":[{"start":{"line":322,"column":8},"end":{"line":324,"column":9}},{"start":{},"end":{}}],"line":322},"75":{"loc":{"start":{"line":338,"column":8},"end":{"line":340,"column":9}},"type":"if","locations":[{"start":{"line":338,"column":8},"end":{"line":340,"column":9}},{"start":{},"end":{}}],"line":338},"76":{"loc":{"start":{"line":342,"column":8},"end":{"line":344,"column":9}},"type":"if","locations":[{"start":{"line":342,"column":8},"end":{"line":344,"column":9}},{"start":{},"end":{}}],"line":342},"77":{"loc":{"start":{"line":359,"column":8},"end":{"line":359,"column":44}},"type":"if","locations":[{"start":{"line":359,"column":8},"end":{"line":359,"column":44}},{"start":{},"end":{}}],"line":359},"78":{"loc":{"start":{"line":363,"column":8},"end":{"line":363,"column":46}},"type":"if","locations":[{"start":{"line":363,"column":8},"end":{"line":363,"column":46}},{"start":{},"end":{}}],"line":363},"79":{"loc":{"start":{"line":371,"column":8},"end":{"line":371,"column":52}},"type":"if","locations":[{"start":{"line":371,"column":8},"end":{"line":371,"column":52}},{"start":{},"end":{}}],"line":371},"80":{"loc":{"start":{"line":380,"column":8},"end":{"line":380,"column":42}},"type":"if","locations":[{"start":{"line":380,"column":8},"end":{"line":380,"column":42}},{"start":{},"end":{}}],"line":380},"81":{"loc":{"start":{"line":383,"column":8},"end":{"line":385,"column":9}},"type":"if","locations":[{"start":{"line":383,"column":8},"end":{"line":385,"column":9}},{"start":{},"end":{}}],"line":383},"82":{"loc":{"start":{"line":383,"column":12},"end":{"line":383,"column":75}},"type":"binary-expr","locations":[{"start":{"line":383,"column":12},"end":{"line":383,"column":38}},{"start":{"line":383,"column":42},"end":{"line":383,"column":75}}],"line":383},"83":{"loc":{"start":{"line":388,"column":8},"end":{"line":390,"column":9}},"type":"if","locations":[{"start":{"line":388,"column":8},"end":{"line":390,"column":9}},{"start":{},"end":{}}],"line":388},"84":{"loc":{"start":{"line":388,"column":12},"end":{"line":388,"column":59}},"type":"binary-expr","locations":[{"start":{"line":388,"column":12},"end":{"line":388,"column":30}},{"start":{"line":388,"column":34},"end":{"line":388,"column":59}}],"line":388},"85":{"loc":{"start":{"line":393,"column":8},"end":{"line":395,"column":9}},"type":"if","locations":[{"start":{"line":393,"column":8},"end":{"line":395,"column":9}},{"start":{},"end":{}}],"line":393},"86":{"loc":{"start":{"line":393,"column":12},"end":{"line":393,"column":65}},"type":"binary-expr","locations":[{"start":{"line":393,"column":12},"end":{"line":393,"column":33}},{"start":{"line":393,"column":37},"end":{"line":393,"column":65}}],"line":393},"87":{"loc":{"start":{"line":398,"column":8},"end":{"line":404,"column":9}},"type":"if","locations":[{"start":{"line":398,"column":8},"end":{"line":404,"column":9}},{"start":{"line":401,"column":15},"end":{"line":404,"column":9}}],"line":398},"88":{"loc":{"start":{"line":400,"column":12},"end":{"line":400,"column":40}},"type":"if","locations":[{"start":{"line":400,"column":12},"end":{"line":400,"column":40}},{"start":{},"end":{}}],"line":400},"89":{"loc":{"start":{"line":401,"column":15},"end":{"line":404,"column":9}},"type":"if","locations":[{"start":{"line":401,"column":15},"end":{"line":404,"column":9}},{"start":{},"end":{}}],"line":401},"90":{"loc":{"start":{"line":403,"column":12},"end":{"line":403,"column":48}},"type":"if","locations":[{"start":{"line":403,"column":12},"end":{"line":403,"column":48}},{"start":{},"end":{}}],"line":403},"91":{"loc":{"start":{"line":414,"column":8},"end":{"line":414,"column":38}},"type":"if","locations":[{"start":{"line":414,"column":8},"end":{"line":414,"column":38}},{"start":{},"end":{}}],"line":414},"92":{"loc":{"start":{"line":424,"column":8},"end":{"line":424,"column":46}},"type":"if","locations":[{"start":{"line":424,"column":8},"end":{"line":424,"column":46}},{"start":{},"end":{}}],"line":424},"93":{"loc":{"start":{"line":433,"column":8},"end":{"line":433,"column":46}},"type":"if","locations":[{"start":{"line":433,"column":8},"end":{"line":433,"column":46}},{"start":{},"end":{}}],"line":433},"94":{"loc":{"start":{"line":436,"column":8},"end":{"line":438,"column":9}},"type":"if","locations":[{"start":{"line":436,"column":8},"end":{"line":438,"column":9}},{"start":{},"end":{}}],"line":436},"95":{"loc":{"start":{"line":436,"column":12},"end":{"line":436,"column":65}},"type":"binary-expr","locations":[{"start":{"line":436,"column":12},"end":{"line":436,"column":33}},{"start":{"line":436,"column":37},"end":{"line":436,"column":65}}],"line":436},"96":{"loc":{"start":{"line":448,"column":8},"end":{"line":448,"column":50}},"type":"if","locations":[{"start":{"line":448,"column":8},"end":{"line":448,"column":50}},{"start":{},"end":{}}],"line":448},"97":{"loc":{"start":{"line":451,"column":8},"end":{"line":453,"column":9}},"type":"if","locations":[{"start":{"line":451,"column":8},"end":{"line":453,"column":9}},{"start":{},"end":{}}],"line":451},"98":{"loc":{"start":{"line":451,"column":12},"end":{"line":451,"column":71}},"type":"binary-expr","locations":[{"start":{"line":451,"column":12},"end":{"line":451,"column":36}},{"start":{"line":451,"column":40},"end":{"line":451,"column":71}}],"line":451},"99":{"loc":{"start":{"line":463,"column":8},"end":{"line":463,"column":48}},"type":"if","locations":[{"start":{"line":463,"column":8},"end":{"line":463,"column":48}},{"start":{},"end":{}}],"line":463},"100":{"loc":{"start":{"line":474,"column":15},"end":{"line":474,"column":61}},"type":"binary-expr","locations":[{"start":{"line":474,"column":15},"end":{"line":474,"column":27}},{"start":{"line":474,"column":31},"end":{"line":474,"column":61}}],"line":474}},"s":{"0":5,"1":5,"2":15,"3":10,"4":5,"5":1,"6":4,"7":5,"8":14,"9":11,"10":3,"11":1,"12":2,"13":5,"14":16,"15":16,"16":16,"17":16,"18":11,"19":5,"20":5,"21":3,"22":5,"23":3,"24":5,"25":2,"26":5,"27":5,"28":15,"29":11,"30":4,"31":4,"32":1,"33":4,"34":1,"35":4,"36":1,"37":4,"38":1,"39":4,"40":5,"41":6,"42":2,"43":4,"44":4,"45":9,"46":9,"47":4,"48":2,"49":4,"50":5,"51":5,"52":1,"53":4,"54":5,"55":4,"56":1,"57":3,"58":3,"59":4,"60":4,"61":4,"62":4,"63":4,"64":1,"65":3,"66":3,"67":5,"68":15,"69":15,"70":15,"71":15,"72":15,"73":15,"74":11,"75":4,"76":4,"77":1,"78":4,"79":1,"80":4,"81":1,"82":1,"83":1,"84":4,"85":1,"86":4,"87":5,"88":14,"89":11,"90":3,"91":3,"92":1,"93":3,"94":1,"95":3,"96":0,"97":3,"98":1,"99":3,"100":0,"101":3,"102":5,"103":15,"104":15,"105":15,"106":15,"107":15,"108":11,"109":4,"110":4,"111":1,"112":4,"113":1,"114":4,"115":1,"116":4,"117":1,"118":4,"119":5,"120":13,"121":11,"122":2,"123":2,"124":2,"125":1,"126":1,"127":1,"128":2,"129":2,"130":2,"131":1,"132":5,"133":13,"134":11,"135":2,"136":2,"137":1,"138":2,"139":1,"140":2,"141":0,"142":2,"143":0,"144":2,"145":0,"146":2,"147":5,"148":14,"149":14,"150":4,"151":14,"152":4,"153":14,"154":5,"155":10,"156":10,"157":10,"158":2,"159":10,"160":10,"161":1,"162":10,"163":10,"164":1,"165":10,"166":10,"167":0,"168":10,"169":1,"170":10,"171":2,"172":10,"173":9,"174":10,"175":1,"176":1,"177":1,"178":9,"179":1,"180":1,"181":1,"182":10,"183":10,"184":0,"185":10,"186":10,"187":0,"188":10,"189":10,"190":0,"191":10,"192":2,"193":10,"194":10,"195":4,"196":10,"197":10,"198":0,"199":10,"200":1,"201":10,"202":10,"203":0,"204":10,"205":5,"206":7,"207":5,"208":3},"f":{"0":5,"1":15,"2":14,"3":16,"4":15,"5":6,"6":9,"7":5,"8":5,"9":4,"10":15,"11":14,"12":15,"13":13,"14":2,"15":2,"16":13,"17":14,"18":10,"19":4,"20":7,"21":3},"b":{"0":[10,5],"1":[15,6],"2":[1,4],"3":[1,0],"4":[4,1],"5":[11,3],"6":[14,4],"7":[1,2],"8":[1,0],"9":[2,0],"10":[16,14],"11":[11,5],"12":[16,13,12],"13":[3,2],"14":[5,3],"15":[3,2],"16":[2,3],"17":[11,4],"18":[15,14,13,12],"19":[1,3],"20":[1,3],"21":[1,3],"22":[1,3],"23":[2,4],"24":[6,6],"25":[9,0],"26":[9,9],"27":[2,2],"28":[1,4],"29":[5,5],"30":[5,4,2,1],"31":[1,3],"32":[4,0],"33":[4,4,0,0],"34":[4,0],"35":[4,0],"36":[1,3],"37":[15,14],"38":[15,14],"39":[15,14],"40":[11,4],"41":[15,14,13,12],"42":[1,3],"43":[1,3],"44":[1,3],"45":[1,0],"46":[1,3],"47":[11,3],"48":[14,13,12,12,11],"49":[1,2],"50":[1,2],"51":[0,3],"52":[1,2],"53":[0,3],"54":[15,14],"55":[11,4],"56":[15,14,13,12],"57":[1,3],"58":[1,3],"59":[1,3],"60":[1,3],"61":[11,2],"62":[13,3],"63":[2,1],"64":[1,1],"65":[2,0],"66":[2,2],"67":[1,1],"68":[11,2],"69":[13,12,11,11,11],"70":[1,1],"71":[1,1],"72":[0,2],"73":[0,2],"74":[0,2],"75":[4,10],"76":[4,10],"77":[2,8],"78":[1,9],"79":[1,9],"80":[0,10],"81":[1,9],"82":[10,1],"83":[2,8],"84":[10,2],"85":[9,1],"86":[10,9],"87":[1,9],"88":[1,0],"89":[1,8],"90":[1,0],"91":[0,10],"92":[0,10],"93":[0,10],"94":[2,8],"95":[10,2],"96":[0,10],"97":[1,9],"98":[10,1],"99":[0,10],"100":[7,4]},"_coverageSchema":"1a1c01bbd47fc00a2c39e90264f33305004495a9","hash":"bb7f94d18d52024c4c396f6a42d7834e42d2f5d4"}
,"/home/bret/workspace/teleprompter/src/js/core/tokenCounter.js": {"path":"/home/bret/workspace/teleprompter/src/js/core/tokenCounter.js","statementMap":{"0":{"start":{"line":5,"column":0},"end":{"line":94,"column":5}},"1":{"start":{"line":14,"column":4},"end":{"line":16,"column":6}},"2":{"start":{"line":15,"column":8},"end":{"line":15,"column":40}},"3":{"start":{"line":25,"column":4},"end":{"line":44,"column":6}},"4":{"start":{"line":26,"column":23},"end":{"line":26,"column":40}},"5":{"start":{"line":28,"column":8},"end":{"line":43,"column":9}},"6":{"start":{"line":29,"column":12},"end":{"line":32,"column":14}},"7":{"start":{"line":33,"column":15},"end":{"line":43,"column":9}},"8":{"start":{"line":34,"column":12},"end":{"line":37,"column":14}},"9":{"start":{"line":39,"column":12},"end":{"line":42,"column":14}},"10":{"start":{"line":51,"column":4},"end":{"line":92,"column":6}},"11":{"start":{"line":52,"column":25},"end":{"line":52,"column":26}},"12":{"start":{"line":55,"column":8},"end":{"line":61,"column":9}},"13":{"start":{"line":56,"column":12},"end":{"line":60,"column":13}},"14":{"start":{"line":57,"column":16},"end":{"line":57,"column":68}},"15":{"start":{"line":58,"column":19},"end":{"line":60,"column":13}},"16":{"start":{"line":59,"column":16},"end":{"line":59,"column":79}},"17":{"start":{"line":64,"column":8},"end":{"line":64,"column":59}},"18":{"start":{"line":65,"column":8},"end":{"line":65,"column":56}},"19":{"start":{"line":66,"column":8},"end":{"line":66,"column":59}},"20":{"start":{"line":67,"column":8},"end":{"line":67,"column":64}},"21":{"start":{"line":68,"column":8},"end":{"line":68,"column":64}},"22":{"start":{"line":69,"column":8},"end":{"line":69,"column":62}},"23":{"start":{"line":72,"column":8},"end":{"line":76,"column":9}},"24":{"start":{"line":73,"column":12},"end":{"line":75,"column":15}},"25":{"start":{"line":74,"column":16},"end":{"line":74,"column":50}},"26":{"start":{"line":79,"column":8},"end":{"line":85,"column":9}},"27":{"start":{"line":80,"column":12},"end":{"line":84,"column":13}},"28":{"start":{"line":81,"column":16},"end":{"line":81,"column":69}},"29":{"start":{"line":82,"column":19},"end":{"line":84,"column":13}},"30":{"start":{"line":83,"column":16},"end":{"line":83,"column":81}},"31":{"start":{"line":88,"column":23},"end":{"line":88,"column":26}},"32":{"start":{"line":89,"column":8},"end":{"line":89,"column":31}},"33":{"start":{"line":91,"column":8},"end":{"line":91,"column":26}}},"fnMap":{"0":{"name":"(anonymous_0)","decl":{"start":{"line":5,"column":1},"end":{"line":5,"column":2}},"loc":{"start":{"line":5,"column":12},"end":{"line":94,"column":1}},"line":5},"1":{"name":"(anonymous_1)","decl":{"start":{"line":14,"column":33},"end":{"line":14,"column":34}},"loc":{"start":{"line":14,"column":53},"end":{"line":16,"column":5}},"line":14},"2":{"name":"(anonymous_2)","decl":{"start":{"line":25,"column":33},"end":{"line":25,"column":34}},"loc":{"start":{"line":25,"column":73},"end":{"line":44,"column":5}},"line":25},"3":{"name":"(anonymous_3)","decl":{"start":{"line":51,"column":36},"end":{"line":51,"column":37}},"loc":{"start":{"line":51,"column":55},"end":{"line":92,"column":5}},"line":51},"4":{"name":"(anonymous_4)","decl":{"start":{"line":73,"column":38},"end":{"line":73,"column":39}},"loc":{"start":{"line":73,"column":53},"end":{"line":75,"column":13}},"line":73}},"branchMap":{"0":{"loc":{"start":{"line":26,"column":23},"end":{"line":26,"column":40}},"type":"cond-expr","locations":[{"start":{"line":26,"column":32},"end":{"line":26,"column":35}},{"start":{"line":26,"column":38},"end":{"line":26,"column":40}}],"line":26},"1":{"loc":{"start":{"line":28,"column":8},"end":{"line":43,"column":9}},"type":"if","locations":[{"start":{"line":28,"column":8},"end":{"line":43,"column":9}},{"start":{"line":33,"column":15},"end":{"line":43,"column":9}}],"line":28},"2":{"loc":{"start":{"line":33,"column":15},"end":{"line":43,"column":9}},"type":"if","locations":[{"start":{"line":33,"column":15},"end":{"line":43,"column":9}},{"start":{"line":38,"column":15},"end":{"line":43,"column":9}}],"line":33},"3":{"loc":{"start":{"line":55,"column":8},"end":{"line":61,"column":9}},"type":"if","locations":[{"start":{"line":55,"column":8},"end":{"line":61,"column":9}},{"start":{},"end":{}}],"line":55},"4":{"loc":{"start":{"line":55,"column":12},"end":{"line":55,"column":72}},"type":"binary-expr","locations":[{"start":{"line":55,"column":12},"end":{"line":55,"column":28}},{"start":{"line":55,"column":32},"end":{"line":55,"column":72}}],"line":55},"5":{"loc":{"start":{"line":56,"column":12},"end":{"line":60,"column":13}},"type":"if","locations":[{"start":{"line":56,"column":12},"end":{"line":60,"column":13}},{"start":{"line":58,"column":19},"end":{"line":60,"column":13}}],"line":56},"6":{"loc":{"start":{"line":57,"column":31},"end":{"line":57,"column":59}},"type":"binary-expr","locations":[{"start":{"line":57,"column":31},"end":{"line":57,"column":53}},{"start":{"line":57,"column":57},"end":{"line":57,"column":59}}],"line":57},"7":{"loc":{"start":{"line":58,"column":19},"end":{"line":60,"column":13}},"type":"if","locations":[{"start":{"line":58,"column":19},"end":{"line":60,"column":13}},{"start":{},"end":{}}],"line":58},"8":{"loc":{"start":{"line":64,"column":23},"end":{"line":64,"column":50}},"type":"binary-expr","locations":[{"start":{"line":64,"column":23},"end":{"line":64,"column":44}},{"start":{"line":64,"column":48},"end":{"line":64,"column":50}}],"line":64},"9":{"loc":{"start":{"line":65,"column":23},"end":{"line":65,"column":47}},"type":"binary-expr","locations":[{"start":{"line":65,"column":23},"end":{"line":65,"column":41}},{"start":{"line":65,"column":45},"end":{"line":65,"column":47}}],"line":65},"10":{"loc":{"start":{"line":66,"column":23},"end":{"line":66,"column":50}},"type":"binary-expr","locations":[{"start":{"line":66,"column":23},"end":{"line":66,"column":44}},{"start":{"line":66,"column":48},"end":{"line":66,"column":50}}],"line":66},"11":{"loc":{"start":{"line":67,"column":23},"end":{"line":67,"column":55}},"type":"binary-expr","locations":[{"start":{"line":67,"column":23},"end":{"line":67,"column":49}},{"start":{"line":67,"column":53},"end":{"line":67,"column":55}}],"line":67},"12":{"loc":{"start":{"line":68,"column":23},"end":{"line":68,"column":55}},"type":"binary-expr","locations":[{"start":{"line":68,"column":23},"end":{"line":68,"column":49}},{"start":{"line":68,"column":53},"end":{"line":68,"column":55}}],"line":68},"13":{"loc":{"start":{"line":69,"column":23},"end":{"line":69,"column":53}},"type":"binary-expr","locations":[{"start":{"line":69,"column":23},"end":{"line":69,"column":47}},{"start":{"line":69,"column":51},"end":{"line":69,"column":53}}],"line":69},"14":{"loc":{"start":{"line":72,"column":8},"end":{"line":76,"column":9}},"type":"if","locations":[{"start":{"line":72,"column":8},"end":{"line":76,"column":9}},{"start":{},"end":{}}],"line":72},"15":{"loc":{"start":{"line":72,"column":12},"end":{"line":72,"column":65}},"type":"binary-expr","locations":[{"start":{"line":72,"column":12},"end":{"line":72,"column":29}},{"start":{"line":72,"column":33},"end":{"line":72,"column":65}}],"line":72},"16":{"loc":{"start":{"line":74,"column":31},"end":{"line":74,"column":41}},"type":"binary-expr","locations":[{"start":{"line":74,"column":31},"end":{"line":74,"column":35}},{"start":{"line":74,"column":39},"end":{"line":74,"column":41}}],"line":74},"17":{"loc":{"start":{"line":79,"column":8},"end":{"line":85,"column":9}},"type":"if","locations":[{"start":{"line":79,"column":8},"end":{"line":85,"column":9}},{"start":{},"end":{}}],"line":79},"18":{"loc":{"start":{"line":79,"column":12},"end":{"line":79,"column":80}},"type":"binary-expr","locations":[{"start":{"line":79,"column":12},"end":{"line":79,"column":29}},{"start":{"line":79,"column":33},"end":{"line":79,"column":80}}],"line":79},"19":{"loc":{"start":{"line":80,"column":12},"end":{"line":84,"column":13}},"type":"if","locations":[{"start":{"line":80,"column":12},"end":{"line":84,"column":13}},{"start":{"line":82,"column":19},"end":{"line":84,"column":13}}],"line":80},"20":{"loc":{"start":{"line":81,"column":31},"end":{"line":81,"column":60}},"type":"binary-expr","locations":[{"start":{"line":81,"column":31},"end":{"line":81,"column":54}},{"start":{"line":81,"column":58},"end":{"line":81,"column":60}}],"line":81},"21":{"loc":{"start":{"line":82,"column":19},"end":{"line":84,"column":13}},"type":"if","locations":[{"start":{"line":82,"column":19},"end":{"line":84,"column":13}},{"start":{},"end":{}}],"line":82}},"s":{"0":5,"1":5,"2":12,"3":5,"4":8,"5":8,"6":2,"7":6,"8":2,"9":4,"10":5,"11":11,"12":11,"13":2,"14":1,"15":1,"16":1,"17":11,"18":11,"19":11,"20":11,"21":11,"22":11,"23":11,"24":1,"25":3,"26":11,"27":2,"28":1,"29":1,"30":1,"31":11,"32":11,"33":11},"f":{"0":5,"1":12,"2":8,"3":11,"4":3},"b":{"0":[1,7],"1":[2,6],"2":[2,4],"3":[2,9],"4":[11,3],"5":[1,1],"6":[1,0],"7":[1,0],"8":[11,9],"9":[11,10],"10":[11,10],"11":[11,10],"12":[11,10],"13":[11,10],"14":[1,10],"15":[11,1],"16":[3,0],"17":[2,9],"18":[11,3],"19":[1,1],"20":[1,0],"21":[1,0]},"_coverageSchema":"1a1c01bbd47fc00a2c39e90264f33305004495a9","hash":"c0b9c57313a69af72c97385cd9e2a33114c5c4c6"}
}
