TN:
SF:src/js/state.js
FN:5,(anonymous_0)
FN:22,(anonymous_1)
FNF:2
FNH:2
FNDA:5,(anonymous_0)
FNDA:206,(anonymous_1)
DA:5,5
DA:9,5
DA:12,5
DA:13,5
DA:16,5
DA:19,5
DA:22,5
DA:23,206
DA:24,206
DA:25,206
DA:26,206
DA:27,206
LF:12
LH:12
BRF:0
BRH:0
end_of_record
TN:
SF:src/js/config/constants.js
FN:5,(anonymous_0)
FNF:1
FNH:1
FNDA:5,(anonymous_0)
DA:5,5
DA:9,5
DA:24,5
DA:41,5
DA:42,5
DA:43,5
DA:46,5
LF:7
LH:7
BRF:0
BRH:0
end_of_record
TN:
SF:src/js/config/scenarios.js
FN:5,(anonymous_0)
FNF:1
FNH:1
FNDA:5,(anonymous_0)
DA:5,5
DA:8,5
LF:2
LH:2
BRF:0
BRH:0
end_of_record
TN:
SF:src/js/core/promptGenerator.js
FN:6,(anonymous_0)
FN:15,(anonymous_1)
FN:33,(anonymous_2)
FN:50,(anonymous_3)
FN:81,(anonymous_4)
FN:110,(anonymous_5)
FN:117,(anonymous_6)
FN:135,(anonymous_7)
FN:140,(anonymous_8)
FN:150,(anonymous_9)
FN:170,(anonymous_10)
FN:207,(anonymous_11)
FN:239,(anonymous_12)
FN:272,(anonymous_13)
FN:277,(anonymous_14)
FN:287,(anonymous_15)
FN:302,(anonymous_16)
FN:335,(anonymous_17)
FN:354,(anonymous_18)
FN:442,(anonymous_19)
FN:473,(anonymous_20)
FN:482,(anonymous_21)
FNF:22
FNH:22
FNDA:5,(anonymous_0)
FNDA:15,(anonymous_1)
FNDA:14,(anonymous_2)
FNDA:16,(anonymous_3)
FNDA:15,(anonymous_4)
FNDA:6,(anonymous_5)
FNDA:9,(anonymous_6)
FNDA:5,(anonymous_7)
FNDA:5,(anonymous_8)
FNDA:4,(anonymous_9)
FNDA:15,(anonymous_10)
FNDA:14,(anonymous_11)
FNDA:15,(anonymous_12)
FNDA:13,(anonymous_13)
FNDA:2,(anonymous_14)
FNDA:2,(anonymous_15)
FNDA:13,(anonymous_16)
FNDA:14,(anonymous_17)
FNDA:10,(anonymous_18)
FNDA:4,(anonymous_19)
FNDA:7,(anonymous_20)
FNDA:3,(anonymous_21)
DA:6,5
DA:15,5
DA:16,15
DA:17,10
DA:20,5
DA:21,1
DA:24,4
DA:33,5
DA:34,14
DA:35,11
DA:38,3
DA:39,1
DA:42,2
DA:50,5
DA:51,16
DA:52,16
DA:53,16
DA:55,16
DA:56,11
DA:59,5
DA:61,5
DA:62,3
DA:65,5
DA:66,3
DA:69,5
DA:70,2
DA:73,5
DA:81,5
DA:82,15
DA:83,11
DA:86,4
DA:88,4
DA:89,1
DA:91,4
DA:92,1
DA:94,4
DA:95,1
DA:97,4
DA:98,1
DA:101,4
DA:110,5
DA:111,6
DA:112,2
DA:115,4
DA:117,4
DA:118,9
DA:119,9
DA:123,4
DA:124,2
DA:127,4
DA:135,5
DA:136,5
DA:137,1
DA:140,4
DA:141,5
DA:144,4
DA:145,1
DA:148,3
DA:150,3
DA:151,4
DA:152,4
DA:153,4
DA:154,4
DA:155,4
DA:156,1
DA:161,3
DA:162,3
DA:170,5
DA:171,15
DA:172,15
DA:173,15
DA:174,15
DA:175,15
DA:177,15
DA:178,11
DA:181,4
DA:183,4
DA:184,1
DA:186,4
DA:187,1
DA:189,4
DA:190,1
DA:191,1
DA:192,1
DA:195,4
DA:196,1
DA:199,4
DA:207,5
DA:208,14
DA:210,11
DA:213,3
DA:215,3
DA:216,1
DA:218,3
DA:219,1
DA:221,3
DA:222,0
DA:224,3
DA:225,1
DA:227,3
DA:228,0
DA:231,3
DA:239,5
DA:240,15
DA:241,15
DA:242,15
DA:243,15
DA:245,15
DA:246,11
DA:249,4
DA:251,4
DA:252,1
DA:254,4
DA:255,1
DA:257,4
DA:258,1
DA:260,4
DA:261,1
DA:264,4
DA:272,5
DA:273,13
DA:274,11
DA:277,2
DA:278,2
DA:281,2
DA:282,1
DA:285,1
DA:287,1
DA:288,2
DA:289,2
DA:290,2
DA:294,1
DA:302,5
DA:303,13
DA:305,11
DA:308,2
DA:310,2
DA:311,1
DA:313,2
DA:314,1
DA:316,2
DA:317,0
DA:319,2
DA:320,0
DA:322,2
DA:323,0
DA:326,2
DA:335,5
DA:336,14
DA:338,14
DA:339,4
DA:342,14
DA:343,4
DA:346,14
DA:354,5
DA:355,10
DA:358,10
DA:359,10
DA:362,10
DA:363,10
DA:366,10
DA:371,10
DA:374,10
DA:380,10
DA:383,10
DA:384,1
DA:388,10
DA:389,2
DA:393,10
DA:394,9
DA:398,10
DA:399,1
DA:400,1
DA:401,9
DA:402,1
DA:403,1
DA:407,10
DA:414,10
DA:417,10
DA:424,10
DA:427,10
DA:433,10
DA:436,10
DA:437,2
DA:441,10
DA:442,10
DA:443,4
DA:447,10
DA:448,10
DA:451,10
DA:452,1
DA:456,10
DA:463,10
DA:465,10
DA:473,5
DA:474,7
DA:482,5
DA:483,3
LF:198
LH:193
BRDA:16,0,0,10
BRDA:16,0,1,5
BRDA:16,1,0,15
BRDA:16,1,1,6
BRDA:20,2,0,1
BRDA:20,2,1,4
BRDA:21,3,0,1
BRDA:21,3,1,0
BRDA:24,4,0,4
BRDA:24,4,1,1
BRDA:34,5,0,11
BRDA:34,5,1,3
BRDA:34,6,0,14
BRDA:34,6,1,4
BRDA:38,7,0,1
BRDA:38,7,1,2
BRDA:39,8,0,1
BRDA:39,8,1,0
BRDA:42,9,0,2
BRDA:42,9,1,0
BRDA:53,10,0,16
BRDA:53,10,1,14
BRDA:55,11,0,11
BRDA:55,11,1,5
BRDA:55,12,0,16
BRDA:55,12,1,13
BRDA:55,12,2,12
BRDA:61,13,0,3
BRDA:61,13,1,2
BRDA:61,14,0,5
BRDA:61,14,1,3
BRDA:65,15,0,3
BRDA:65,15,1,2
BRDA:69,16,0,2
BRDA:69,16,1,3
BRDA:82,17,0,11
BRDA:82,17,1,4
BRDA:82,18,0,15
BRDA:82,18,1,14
BRDA:82,18,2,13
BRDA:82,18,3,12
BRDA:88,19,0,1
BRDA:88,19,1,3
BRDA:91,20,0,1
BRDA:91,20,1,3
BRDA:94,21,0,1
BRDA:94,21,1,3
BRDA:97,22,0,1
BRDA:97,22,1,3
BRDA:111,23,0,2
BRDA:111,23,1,4
BRDA:111,24,0,6
BRDA:111,24,1,6
BRDA:118,25,0,9
BRDA:118,25,1,0
BRDA:118,26,0,9
BRDA:118,26,1,9
BRDA:123,27,0,2
BRDA:123,27,1,2
BRDA:136,28,0,1
BRDA:136,28,1,4
BRDA:136,29,0,5
BRDA:136,29,1,5
BRDA:141,30,0,5
BRDA:141,30,1,4
BRDA:141,30,2,2
BRDA:141,30,3,1
BRDA:144,31,0,1
BRDA:144,31,1,3
BRDA:151,32,0,4
BRDA:151,32,1,0
BRDA:151,33,0,4
BRDA:151,33,1,4
BRDA:151,33,2,0
BRDA:151,33,3,0
BRDA:153,34,0,4
BRDA:153,34,1,0
BRDA:154,35,0,4
BRDA:154,35,1,0
BRDA:155,36,0,1
BRDA:155,36,1,3
BRDA:171,37,0,15
BRDA:171,37,1,14
BRDA:172,38,0,15
BRDA:172,38,1,14
BRDA:175,39,0,15
BRDA:175,39,1,14
BRDA:177,40,0,11
BRDA:177,40,1,4
BRDA:177,41,0,15
BRDA:177,41,1,14
BRDA:177,41,2,13
BRDA:177,41,3,12
BRDA:183,42,0,1
BRDA:183,42,1,3
BRDA:186,43,0,1
BRDA:186,43,1,3
BRDA:189,44,0,1
BRDA:189,44,1,3
BRDA:191,45,0,1
BRDA:191,45,1,0
BRDA:195,46,0,1
BRDA:195,46,1,3
BRDA:208,47,0,11
BRDA:208,47,1,3
BRDA:208,48,0,14
BRDA:208,48,1,13
BRDA:208,48,2,12
BRDA:208,48,3,12
BRDA:208,48,4,11
BRDA:215,49,0,1
BRDA:215,49,1,2
BRDA:218,50,0,1
BRDA:218,50,1,2
BRDA:221,51,0,0
BRDA:221,51,1,3
BRDA:224,52,0,1
BRDA:224,52,1,2
BRDA:227,53,0,0
BRDA:227,53,1,3
BRDA:242,54,0,15
BRDA:242,54,1,14
BRDA:245,55,0,11
BRDA:245,55,1,4
BRDA:245,56,0,15
BRDA:245,56,1,14
BRDA:245,56,2,13
BRDA:245,56,3,12
BRDA:251,57,0,1
BRDA:251,57,1,3
BRDA:254,58,0,1
BRDA:254,58,1,3
BRDA:257,59,0,1
BRDA:257,59,1,3
BRDA:260,60,0,1
BRDA:260,60,1,3
BRDA:273,61,0,11
BRDA:273,61,1,2
BRDA:273,62,0,13
BRDA:273,62,1,3
BRDA:278,63,0,2
BRDA:278,63,1,1
BRDA:281,64,0,1
BRDA:281,64,1,1
BRDA:288,65,0,2
BRDA:288,65,1,0
BRDA:288,66,0,2
BRDA:288,66,1,2
BRDA:289,67,0,1
BRDA:289,67,1,1
BRDA:303,68,0,11
BRDA:303,68,1,2
BRDA:303,69,0,13
BRDA:303,69,1,12
BRDA:303,69,2,11
BRDA:303,69,3,11
BRDA:303,69,4,11
BRDA:310,70,0,1
BRDA:310,70,1,1
BRDA:313,71,0,1
BRDA:313,71,1,1
BRDA:316,72,0,0
BRDA:316,72,1,2
BRDA:319,73,0,0
BRDA:319,73,1,2
BRDA:322,74,0,0
BRDA:322,74,1,2
BRDA:338,75,0,4
BRDA:338,75,1,10
BRDA:342,76,0,4
BRDA:342,76,1,10
BRDA:359,77,0,2
BRDA:359,77,1,8
BRDA:363,78,0,1
BRDA:363,78,1,9
BRDA:371,79,0,1
BRDA:371,79,1,9
BRDA:380,80,0,0
BRDA:380,80,1,10
BRDA:383,81,0,1
BRDA:383,81,1,9
BRDA:383,82,0,10
BRDA:383,82,1,1
BRDA:388,83,0,2
BRDA:388,83,1,8
BRDA:388,84,0,10
BRDA:388,84,1,2
BRDA:393,85,0,9
BRDA:393,85,1,1
BRDA:393,86,0,10
BRDA:393,86,1,9
BRDA:398,87,0,1
BRDA:398,87,1,9
BRDA:400,88,0,1
BRDA:400,88,1,0
BRDA:401,89,0,1
BRDA:401,89,1,8
BRDA:403,90,0,1
BRDA:403,90,1,0
BRDA:414,91,0,0
BRDA:414,91,1,10
BRDA:424,92,0,0
BRDA:424,92,1,10
BRDA:433,93,0,0
BRDA:433,93,1,10
BRDA:436,94,0,2
BRDA:436,94,1,8
BRDA:436,95,0,10
BRDA:436,95,1,2
BRDA:448,96,0,0
BRDA:448,96,1,10
BRDA:451,97,0,1
BRDA:451,97,1,9
BRDA:451,98,0,10
BRDA:451,98,1,1
BRDA:463,99,0,0
BRDA:463,99,1,10
BRDA:474,100,0,7
BRDA:474,100,1,4
BRF:219
BRH:195
end_of_record
TN:
SF:src/js/core/tokenCounter.js
FN:5,(anonymous_0)
FN:14,(anonymous_1)
FN:25,(anonymous_2)
FN:51,(anonymous_3)
FN:73,(anonymous_4)
FNF:5
FNH:5
FNDA:5,(anonymous_0)
FNDA:12,(anonymous_1)
FNDA:8,(anonymous_2)
FNDA:11,(anonymous_3)
FNDA:3,(anonymous_4)
DA:5,5
DA:14,5
DA:15,12
DA:25,5
DA:26,8
DA:28,8
DA:29,2
DA:33,6
DA:34,2
DA:39,4
DA:51,5
DA:52,11
DA:55,11
DA:56,2
DA:57,1
DA:58,1
DA:59,1
DA:64,11
DA:65,11
DA:66,11
DA:67,11
DA:68,11
DA:69,11
DA:72,11
DA:73,1
DA:74,3
DA:79,11
DA:80,2
DA:81,1
DA:82,1
DA:83,1
DA:88,11
DA:89,11
DA:91,11
LF:34
LH:34
BRDA:26,0,0,1
BRDA:26,0,1,7
BRDA:28,1,0,2
BRDA:28,1,1,6
BRDA:33,2,0,2
BRDA:33,2,1,4
BRDA:55,3,0,2
BRDA:55,3,1,9
BRDA:55,4,0,11
BRDA:55,4,1,3
BRDA:56,5,0,1
BRDA:56,5,1,1
BRDA:57,6,0,1
BRDA:57,6,1,0
BRDA:58,7,0,1
BRDA:58,7,1,0
BRDA:64,8,0,11
BRDA:64,8,1,9
BRDA:65,9,0,11
BRDA:65,9,1,10
BRDA:66,10,0,11
BRDA:66,10,1,10
BRDA:67,11,0,11
BRDA:67,11,1,10
BRDA:68,12,0,11
BRDA:68,12,1,10
BRDA:69,13,0,11
BRDA:69,13,1,10
BRDA:72,14,0,1
BRDA:72,14,1,10
BRDA:72,15,0,11
BRDA:72,15,1,1
BRDA:74,16,0,3
BRDA:74,16,1,0
BRDA:79,17,0,2
BRDA:79,17,1,9
BRDA:79,18,0,11
BRDA:79,18,1,3
BRDA:80,19,0,1
BRDA:80,19,1,1
BRDA:81,20,0,1
BRDA:81,20,1,0
BRDA:82,21,0,1
BRDA:82,21,1,0
BRF:44
BRH:39
end_of_record
